[debug] [2023-10-03T23:43:49.418Z] ----------------------------------------------------------------------
[debug] [2023-10-03T23:43:49.422Z] Command:       C:\Program Files\nodejs\node.exe C:\Users\camil\AppData\Roaming\npm\node_modules\firebase-tools\lib\bin\firebase.js deploy
[debug] [2023-10-03T23:43:49.423Z] CLI Version:   12.6.1
[debug] [2023-10-03T23:43:49.423Z] Platform:      win32
[debug] [2023-10-03T23:43:49.424Z] Node Version:  v18.16.0
[debug] [2023-10-03T23:43:49.425Z] Time:          Tue Oct 03 2023 18:43:49 GMT-0500 (hora estándar de Colombia)
[debug] [2023-10-03T23:43:49.425Z] ----------------------------------------------------------------------
[debug] 
[debug] [2023-10-03T23:43:49.552Z] > command requires scopes: ["email","openid","https://www.googleapis.com/auth/cloudplatformprojects.readonly","https://www.googleapis.com/auth/firebase","https://www.googleapis.com/auth/cloud-platform"]
[debug] [2023-10-03T23:43:49.553Z] > authorizing via signed-in user (camiloalejandroahumadagomez@gmail.com)
[debug] [2023-10-03T23:43:49.553Z] [iam] checking project apartahotelsantandereano for permissions ["firebase.projects.get","firebasehosting.sites.update"]
[debug] [2023-10-03T23:43:49.556Z] >>> [apiv2][query] POST https://cloudresourcemanager.googleapis.com/v1/projects/apartahotelsantandereano:testIamPermissions [none]
[debug] [2023-10-03T23:43:49.556Z] >>> [apiv2][(partial)header] POST https://cloudresourcemanager.googleapis.com/v1/projects/apartahotelsantandereano:testIamPermissions x-goog-quota-user=projects/apartahotelsantandereano
[debug] [2023-10-03T23:43:49.556Z] >>> [apiv2][body] POST https://cloudresourcemanager.googleapis.com/v1/projects/apartahotelsantandereano:testIamPermissions {"permissions":["firebase.projects.get","firebasehosting.sites.update"]}
[debug] [2023-10-03T23:43:50.249Z] <<< [apiv2][status] POST https://cloudresourcemanager.googleapis.com/v1/projects/apartahotelsantandereano:testIamPermissions 200
[debug] [2023-10-03T23:43:50.249Z] <<< [apiv2][body] POST https://cloudresourcemanager.googleapis.com/v1/projects/apartahotelsantandereano:testIamPermissions {"permissions":["firebase.projects.get","firebasehosting.sites.update"]}
[debug] [2023-10-03T23:43:50.251Z] >>> [apiv2][query] GET https://firebase.googleapis.com/v1beta1/projects/apartahotelsantandereano [none]
[debug] [2023-10-03T23:43:50.728Z] <<< [apiv2][status] GET https://firebase.googleapis.com/v1beta1/projects/apartahotelsantandereano 200
[debug] [2023-10-03T23:43:50.728Z] <<< [apiv2][body] GET https://firebase.googleapis.com/v1beta1/projects/apartahotelsantandereano {"projectId":"apartahotelsantandereano","projectNumber":"558673013967","displayName":"apartahotelsantandereano","name":"projects/apartahotelsantandereano","resources":{"hostingSite":"apartahotelsantandereano"},"state":"ACTIVE","etag":"1_9d4a609a-7800-4ea3-ad68-2b8dca7a9bd4"}
[info] 
[info] === Deploying to 'apartahotelsantandereano'...
[info] 
[info] i  deploying hosting 
[debug] [2023-10-03T23:43:50.742Z] >>> [apiv2][query] POST https://firebasehosting.googleapis.com/v1beta1/projects/-/sites/apartahotelsantandereano/versions [none]
[debug] [2023-10-03T23:43:50.742Z] >>> [apiv2][body] POST https://firebasehosting.googleapis.com/v1beta1/projects/-/sites/apartahotelsantandereano/versions {"status":"CREATED","labels":{"deployment-tool":"cli-firebase"}}
[debug] [2023-10-03T23:43:51.771Z] <<< [apiv2][status] POST https://firebasehosting.googleapis.com/v1beta1/projects/-/sites/apartahotelsantandereano/versions 200
[debug] [2023-10-03T23:43:51.772Z] <<< [apiv2][body] POST https://firebasehosting.googleapis.com/v1beta1/projects/-/sites/apartahotelsantandereano/versions {"name":"projects/558673013967/sites/apartahotelsantandereano/versions/ccfaa86398a45a03","status":"CREATED","config":{},"labels":{"deployment-tool":"cli-firebase"}}
[info] i  hosting[apartahotelsantandereano]: beginning deploy... 
[info] i  hosting[apartahotelsantandereano]: found 61 files in build 
[debug] [2023-10-03T23:43:51.831Z] [hosting] uploading with 200 concurrency
[debug] [2023-10-03T23:43:54.670Z] [hosting] hash cache [YnVpbGQ] stored for 61 files
[debug] [2023-10-03T23:43:54.671Z] [hosting][hash queue][FINAL] {"max":2826,"min":4,"avg":104.60655737704919,"active":0,"complete":61,"success":61,"errored":0,"retried":0,"total":61,"elapsed":2836}
[debug] [2023-10-03T23:43:54.673Z] >>> [apiv2][query] POST https://firebasehosting.googleapis.com/v1beta1/projects/558673013967/sites/apartahotelsantandereano/versions/ccfaa86398a45a03:populateFiles [none]
[debug] [2023-10-03T23:43:54.673Z] >>> [apiv2][body] POST https://firebasehosting.googleapis.com/v1beta1/projects/558673013967/sites/apartahotelsantandereano/versions/ccfaa86398a45a03:populateFiles {"files":{"/favicon.ico":"eae62e993eb980ec8a25058c39d5a51feab118bd2100c4deebb2a9c158ec11f9","/manifest.json":"6c4c2d1658f220e791bc64d5eabf97b958e5259228d76dafa45c47d2c3adf03a","/robots.txt":"b2090cf9761ef60aa06e4fab97679bd43dfa5e5df073701ead5879d7c68f1ec5","/assets/img/101.jpg":"695e2ddb3b707bf2e155e21ecc41dbbb6427d899978dd24f9f37cc45a0d503a8","/assets/img/202.jpg":"cd5e2b3ab1fa707f918dce1ae0f5d3de3ea19e274130acd0e80e5f29031f9035","/assets/img/2022.jpg":"fd7a1c371ab57acb9865c0608744ba84c34b1b7829282f019ae45904dd4ff144","/assets/img/205.jpg":"83d9da10bc17e82073ca2532308fbd1798f297e1dd24dcb2b3af93ab3e8e45f1","/assets/img/207.jpg":"909a119bd6b25f6a8516450e1239d22cb0abfcaefcd770a147266401d3883503","/assets/img/abastos1.jpg":"1d66084072d0f2a5e992fef5882c4cf434a86263aac711107e524f5d58173eea","/assets/img/about.jpeg":"f82dc2e4316dbeb7800084ad12a314ee8a44ede7269363e30027a2ef0f8f570e","/assets/img/banderas.jpg":"fed3070d311ed5e4110d4dabf28eb6114c4f002b600f1cea4f709d920da88e43","/assets/img/banner_bg.jpg":"45e4390ce91412822244b71c985c73bbb9e3f80613c664880a713153c7f6846e","/assets/img/bomberos.jpg":"43e285cacc054a408f3e133fadf8f96cc640e223049f42b0ba9a8acce3c9d206","/assets/img/cañizares.PNG":"00b18a9730507eb522b345a3a3e5245324453cf839dc9c63dc8e1462de63a75f","/assets/img/cliente1.jpg":"d8528f0c20556933ce83ff2a3047b149b13c6361a0794a3498a1f54f2ffeda60","/assets/img/cliente2.jpg":"48a976e31b1be9ecdc6516c6ab7a7fd6757238c5a38d9664c661963da976b465","/assets/img/cliente3.jpg":"caacfa4f36b4abd6d49d44e50577e20b9541fa328e04f3aabe58b42cb630f6c2","/assets/img/contacto.jpeg":"ed61a7884748aae307e06669966d4953abc0aabe1b64654aada53366317893f2","/assets/img/facebook.png":"89b355d55cb8ee514d77424dad2dbc2d1f452bb1af6c6f1a376d576084aceae6","/assets/img/flores.jpg":"523ed94fa12742a90b9791b749da9c4b5ff26053e5f817a2ff3fc3c0a4d6a5b0","/assets/img/fotoperfil.PNG":"e75beda6a486df1e66c0488e978b05cdd4a847377667ed9ee178fbd8b8ab8281","/assets/img/frente1.jpg":"5e9d7f663845413e802cb0e6d4ee22ac8c55559da322a84220352a4f2456cbbd","/assets/img/frente1modificada.jpg":"c7cfaf931deeef91fd55a14be631fd44e7e6b62131b0fc65036d017c56e685c6","/assets/img/home.jpeg":"5f8cfcfea5654a86231cee6b6711c728a710e410c430ea064ca2b1f3928deece","/assets/img/homeindex.jpg":"97561ebf6dcac48cc23c1f25b113a67b5aa0cd04774f4935818e61458a65aa07","/assets/img/hospialKenndy.jpg":"22f2c3771dc3eb0add81d10e208ef5818d7d3779aac5998f6310d1c65a142475","/assets/img/instagram.png":"de5ed982cf4e4431bb6cffa45e8c3c14b2be582456a963a6c8482fb5f3498d9f","/assets/img/logo.jpg":"f02ee8aeaacbc5501b27ef7a267ab14f65d3c5bb0a934669878ff28a3af8ccd2","/assets/img/logo.png":"d9dab586b1969398de1cda5af5afab3b3cab945efaa1a8d7293292087c49dc4d","/assets/img/parqueadero.jpg":"673fef3008a9096c4e564c78c303f12e6cbe8f82537c909d8c0cbe6e78be7404","/assets/img/puertahotel.jpg":"794a8b86829ed1d49f5cb7b44c506e8b27234143e513b4cd571e9ced5c288b3b","/assets/img/rcn.jpg":"72f19f2e5fda96a4b3a9648e59b948c25b1a062a034300f78ee37df65454cc45","/assets/img/recepcion.jpg":"137b741a01f3e14ebc0bf7d1c6cb76f5270aaed908e6423fecfa0e6afd139efe","/assets/img/timbre.jpg":"4fb32734eb152113a861b14fa6b5ad8ec681b263be86b126981db08e9181dfa4","/assets/img/tintal.jpg":"443ba3f9195173034adfb4104c73930befb16701498016e08a3e858884b56c66","/assets/img/whatsapp.png":"209101e90ecef1d05883b2a1c87f8c7453a30eff1823010e648fe71a3246a50c","/index.html":"8633b09e4a964454d8ce454344525f24340ac16c0fdc3582869bc1396144212a","/asset-manifest.json":"ba65ddee634d0198804c4796c0854f4dd003a2780e1eb98b733ee47af445cb66","/static/js/main.5d136c61.js.LICENSE.txt":"05c4abe30d9cdfd7ad46d3a12e465505d448a36d9fdd7bea168edb7f027a3d70","/static/media/fa-regular-400.1017bce89c72f95bcf8e.ttf":"5b94be549fd8a5aaad71150b1bc0320fc64a8fa85960481a86243469e0076caf","/static/media/fa-regular-400.3672264812746c3c7225.woff":"66b0c41aa009e3511e3d50e73bacb1e2610977cadd6a7c39b61a1e53a11e4bf3","/static/media/fa-regular-400.68c5af1f48e2bfca1e57.woff2":"682676b9a4635c93e520444bca99632c5d9933ccc8972b228f99b6b68ef4b406","/static/media/fa-regular-400.4079ae2d2a15d0689568.eot":"56d573ad0adf72d9a169c09f752e8486f9638886ef8c9086a035e8fde97e9916","/static/media/puertahotel.f10bb9fcb500c4a3590e.jpg":"794a8b86829ed1d49f5cb7b44c506e8b27234143e513b4cd571e9ced5c288b3b","/static/media/fa-regular-400.ac3d16eb330a74f2279a.svg":"57c490734a2a60a99bd8b0531fd313e52beb91cefbc8b30640a873d43c23a31d","/static/media/fa-brands-400.c1210e5ebe4344da5083.woff2":"febc377716ecb54e3d884ba0fcde1422f6988efcbb00de314bb27b2319a57a06","/static/media/fa-solid-900.ada6e6df937f7e5e8b79.woff2":"1372dcb89880aed93ada00d7bef08bd992d7c949b67007e99f6c0be11eda15e5","/static/media/fa-brands-400.329a95a9172fdb2cccb4.woff":"1b42719786b7e76a71af1a44a57ea43abda8da1512a2140fb26fe7698c92e848","/static/media/fa-brands-400.9e138496e8f1719c6ebf.ttf":"d2fec613bc0824be7d57f25fcaf9252d0021538ce26589062598f5cdff5e347b","/static/media/fa-brands-400.89a52ae1d02b86d61439.eot":"d984c46096797bc379910883d455bbc4b6e65276af83dcb2259b56c87eda5a2a","/static/media/fa-solid-900.c6ec080084769a6d8a34.woff":"d096aa71777aa0eff9244c950b02a500d54bd34223cb649755bca4804877be90","/static/media/fa-solid-900.07c3313b24f7b1ca85ee.ttf":"cfa4da78991398e75581b5007f67892cf2fab691f46148579a170e2198493304","/static/media/fa-solid-900.efbd5d20e407bbf85f2b.eot":"8b7f27a7b6b5fac0b063ae245a6e047d2fe08a58ec874758478f6f4a2657c2ff","/static/css/main.b82b36a6.css":"2b2d0226c5bf857b4adb6c3b6e8dc76ab000432401de45ac86a4ed7982fbb716","/static/media/fa-solid-900.3fbf3c2553ba03410a4f.svg":"762037a2a3b29184cdbc9be3e1fc417e54a43672fbcf84af713b5b5b8400e0fd","/static/media/facilites_bg.2cb1a1901b64c3a0e21c.jpg":"a9826ae232e94ddcf7e61b0ae9958704ca595a19bb753995c9442c2aa11f0d17","/static/media/fa-brands-400.7b7d0ddbcc46b8bdd494.svg":"257c100507a18ffc8e1ec34fdc5e2b536eda474ebd3c5721c0e8915ae6fc9b30","/static/js/main.5d136c61.js":"d8a3f853036949eafeb28e70e7106565f51bb301025ba3b768b11ef443c57978","/static/css/main.b82b36a6.css.map":"8b8dba73c723e13b279bb55fc7b34a1df8dfbb67038d1bcce4767ae79b0f80f0","/static/media/banner_bg.fb22595053a13da431a1.jpg":"45e4390ce91412822244b71c985c73bbb9e3f80613c664880a713153c7f6846e","/static/js/main.5d136c61.js.map":"b2f4db4b0f69b66f486eaf2c4c0d74fee43d936342817eb6a3dd6f0293d2fc54"}}
[debug] [2023-10-03T23:43:55.561Z] <<< [apiv2][status] POST https://firebasehosting.googleapis.com/v1beta1/projects/558673013967/sites/apartahotelsantandereano/versions/ccfaa86398a45a03:populateFiles 200
[debug] [2023-10-03T23:43:55.562Z] <<< [apiv2][body] POST https://firebasehosting.googleapis.com/v1beta1/projects/558673013967/sites/apartahotelsantandereano/versions/ccfaa86398a45a03:populateFiles {"uploadRequiredHashes":["b2f4db4b0f69b66f486eaf2c4c0d74fee43d936342817eb6a3dd6f0293d2fc54"],"uploadUrl":"https://upload-firebasehosting.googleapis.com/upload/sites/apartahotelsantandereano/versions/ccfaa86398a45a03/files"}
[debug] [2023-10-03T23:43:55.563Z] >>> [apiv2][query] POST https://upload-firebasehosting.googleapis.com/upload/sites/apartahotelsantandereano/versions/ccfaa86398a45a03/files/b2f4db4b0f69b66f486eaf2c4c0d74fee43d936342817eb6a3dd6f0293d2fc54 [none]
[debug] [2023-10-03T23:43:55.564Z] >>> [apiv2][body] POST https://upload-firebasehosting.googleapis.com/upload/sites/apartahotelsantandereano/versions/ccfaa86398a45a03/files/b2f4db4b0f69b66f486eaf2c4c0d74fee43d936342817eb6a3dd6f0293d2fc54 [stream]
[debug] [2023-10-03T23:43:55.567Z] [hosting][populate queue][FINAL] {"max":896,"min":896,"avg":896,"active":0,"complete":1,"success":1,"errored":0,"retried":0,"total":1,"elapsed":900}
[debug] [2023-10-03T23:43:55.567Z] [hosting] uploads queued: 1
[debug] [2023-10-03T23:43:59.556Z] <<< [apiv2][status] POST https://upload-firebasehosting.googleapis.com/upload/sites/apartahotelsantandereano/versions/ccfaa86398a45a03/files/b2f4db4b0f69b66f486eaf2c4c0d74fee43d936342817eb6a3dd6f0293d2fc54 200
[debug] [2023-10-03T23:43:59.557Z] <<< [apiv2][body] POST https://upload-firebasehosting.googleapis.com/upload/sites/apartahotelsantandereano/versions/ccfaa86398a45a03/files/b2f4db4b0f69b66f486eaf2c4c0d74fee43d936342817eb6a3dd6f0293d2fc54 [stream]
[debug] [2023-10-03T23:43:59.557Z] [hosting][upload queue][FINAL] {"max":3995,"min":3995,"avg":3995,"active":0,"complete":1,"success":1,"errored":0,"retried":0,"total":1,"elapsed":3995}
[info] +  hosting[apartahotelsantandereano]: file upload complete 
[debug] [2023-10-03T23:43:59.559Z] [hosting] deploy completed after 7783ms
[debug] [2023-10-03T23:43:59.559Z] [
  {
    "config": {
      "public": "build",
      "ignore": [
        "firebase.json",
        "**/.*",
        "**/node_modules/**"
      ],
      "rewrites": [
        {
          "source": "**",
          "destination": "/index.html"
        }
      ],
      "site": "apartahotelsantandereano"
    },
    "version": "projects/558673013967/sites/apartahotelsantandereano/versions/ccfaa86398a45a03"
  }
]
[info] i  hosting[apartahotelsantandereano]: finalizing version... 
[debug] [2023-10-03T23:43:59.563Z] >>> [apiv2][query] PATCH https://firebasehosting.googleapis.com/v1beta1/projects/-/sites/apartahotelsantandereano/versions/ccfaa86398a45a03 updateMask=status%2Cconfig
[debug] [2023-10-03T23:43:59.564Z] >>> [apiv2][body] PATCH https://firebasehosting.googleapis.com/v1beta1/projects/-/sites/apartahotelsantandereano/versions/ccfaa86398a45a03 {"status":"FINALIZED","config":{"rewrites":[{"glob":"**","path":"/index.html"}]}}
[debug] [2023-10-03T23:44:00.388Z] <<< [apiv2][status] PATCH https://firebasehosting.googleapis.com/v1beta1/projects/-/sites/apartahotelsantandereano/versions/ccfaa86398a45a03 200
[debug] [2023-10-03T23:44:00.389Z] <<< [apiv2][body] PATCH https://firebasehosting.googleapis.com/v1beta1/projects/-/sites/apartahotelsantandereano/versions/ccfaa86398a45a03 {"name":"projects/558673013967/sites/apartahotelsantandereano/versions/ccfaa86398a45a03","status":"FINALIZED","config":{"rewrites":[{"glob":"**","path":"/index.html"}]},"labels":{"deployment-tool":"cli-firebase"},"createTime":"2023-10-03T23:43:50.480062Z","createUser":{"email":"camiloalejandroahumadagomez@gmail.com"},"finalizeTime":"2023-10-03T23:43:59.287723Z","finalizeUser":{"email":"camiloalejandroahumadagomez@gmail.com"}}
[debug] [2023-10-03T23:44:00.389Z] [hosting] finalized version for apartahotelsantandereano:[object Object]
[info] +  hosting[apartahotelsantandereano]: version finalized 
[info] i  hosting[apartahotelsantandereano]: releasing new version... 
[debug] [2023-10-03T23:44:00.393Z] >>> [apiv2][query] POST https://firebasehosting.googleapis.com/v1beta1/projects/-/sites/apartahotelsantandereano/channels/live/releases versionName=projects%2F558673013967%2Fsites%2Fapartahotelsantandereano%2Fversions%2Fccfaa86398a45a03
[debug] [2023-10-03T23:44:00.393Z] >>> [apiv2][body] POST https://firebasehosting.googleapis.com/v1beta1/projects/-/sites/apartahotelsantandereano/channels/live/releases {}
[debug] [2023-10-03T23:44:01.321Z] <<< [apiv2][status] POST https://firebasehosting.googleapis.com/v1beta1/projects/-/sites/apartahotelsantandereano/channels/live/releases 200
[debug] [2023-10-03T23:44:01.322Z] <<< [apiv2][body] POST https://firebasehosting.googleapis.com/v1beta1/projects/-/sites/apartahotelsantandereano/channels/live/releases {"name":"projects/558673013967/sites/apartahotelsantandereano/channels/live/releases/1696376639618000","version":{"name":"projects/558673013967/sites/apartahotelsantandereano/versions/ccfaa86398a45a03","status":"FINALIZED","config":{"rewrites":[{"glob":"**","path":"/index.html"}]},"labels":{"deployment-tool":"cli-firebase"},"createTime":"2023-10-03T23:43:50.480062Z","createUser":{"email":"camiloalejandroahumadagomez@gmail.com","imageUrl":"https://lh3.googleusercontent.com/a/ACg8ocIkEqavncevDU7RFmN9rSeVq_1qTUHGNt1KNb9KUax-zds"},"finalizeTime":"2023-10-03T23:43:59.287723Z","finalizeUser":{"email":"camiloalejandroahumadagomez@gmail.com","imageUrl":"https://lh3.googleusercontent.com/a/ACg8ocIkEqavncevDU7RFmN9rSeVq_1qTUHGNt1KNb9KUax-zds"}},"type":"DEPLOY","releaseTime":"2023-10-03T23:43:59.618Z","releaseUser":{"email":"camiloalejandroahumadagomez@gmail.com","imageUrl":"https://lh3.googleusercontent.com/a/ACg8ocIkEqavncevDU7RFmN9rSeVq_1qTUHGNt1KNb9KUax-zds"}}
[debug] [2023-10-03T23:44:01.322Z] [hosting] release: {"name":"projects/558673013967/sites/apartahotelsantandereano/channels/live/releases/1696376639618000","version":{"name":"projects/558673013967/sites/apartahotelsantandereano/versions/ccfaa86398a45a03","status":"FINALIZED","config":{"rewrites":[{"glob":"**","path":"/index.html"}]},"labels":{"deployment-tool":"cli-firebase"},"createTime":"2023-10-03T23:43:50.480062Z","createUser":{"email":"camiloalejandroahumadagomez@gmail.com","imageUrl":"https://lh3.googleusercontent.com/a/ACg8ocIkEqavncevDU7RFmN9rSeVq_1qTUHGNt1KNb9KUax-zds"},"finalizeTime":"2023-10-03T23:43:59.287723Z","finalizeUser":{"email":"camiloalejandroahumadagomez@gmail.com","imageUrl":"https://lh3.googleusercontent.com/a/ACg8ocIkEqavncevDU7RFmN9rSeVq_1qTUHGNt1KNb9KUax-zds"}},"type":"DEPLOY","releaseTime":"2023-10-03T23:43:59.618Z","releaseUser":{"email":"camiloalejandroahumadagomez@gmail.com","imageUrl":"https://lh3.googleusercontent.com/a/ACg8ocIkEqavncevDU7RFmN9rSeVq_1qTUHGNt1KNb9KUax-zds"}}
[info] +  hosting[apartahotelsantandereano]: release complete 
[info] 
[info] +  Deploy complete! 
[info] 
[info] Project Console: https://console.firebase.google.com/project/apartahotelsantandereano/overview
[info] Hosting URL: https://apartahotelsantandereano.web.app
[debug] [2023-10-03T23:44:07.085Z] Error: Timed out.
    at Timeout._onTimeout (C:\Users\camil\AppData\Roaming\npm\node_modules\firebase-tools\lib\utils.js:254:49)
    at listOnTimeout (node:internal/timers:569:17)
    at process.processTimers (node:internal/timers:512:7)
[error] 
[error] Error: An unexpected error has occurred.
